<testsuites name="jest tests" tests="5" failures="0" time="0.934">
  <testsuite name="undefined" errors="0" failures="0" skipped="0" timestamp="2020-04-11T02:41:12" time="0.934" tests="5">
    <testcase classname=" Navigation renders correctly" name=" Navigation renders correctly" time="0.081">
    </testcase>
    <testcase classname=" Initial articles render correctly" name=" Initial articles render correctly" time="0.012">
    </testcase>
    <testcase classname=" Clicking on top renders expected articles" name=" Clicking on top renders expected articles" time="0.014">
    </testcase>
    <testcase classname=" Clicking on newest renders expected articles" name=" Clicking on newest renders expected articles" time="0.012">
    </testcase>
    <testcase classname=" Sequence of navigation clicks renders expected artices" name=" Sequence of navigation clicks renders expected artices" time="0.027">
    </testcase>
  </testsuite>
</testsuites>