<testsuites name="jest tests" tests="3" failures="0" time="1">
  <testsuite name="undefined" errors="0" failures="0" skipped="0" timestamp="2020-04-11T02:22:35" time="1" tests="3">
    <testcase classname=" Initial UI renders correctly" name=" Initial UI renders correctly" time="0.085">
    </testcase>
    <testcase classname=" Test with non existing author" name=" Test with non existing author" time="0.041">
    </testcase>
    <testcase classname=" Test with existing author" name=" Test with existing author" time="0.008">
    </testcase>
  </testsuite>
</testsuites>